2012-02-13 13:25:49,528 [main] INFO  grails.plugin.webxml.WebxmlGrailsPlugin  - Loading default config file: class DefaultWebXmlConfig
2012-02-13 13:25:49,552 [main] WARN  grails.plugin.webxml.WebxmlGrailsPlugin  - Did not find application config file: WebXmlConfig
2012-02-13 13:25:50,317 [main] INFO  grails.plugin.webxml.WebxmlGrailsPlugin  - Loading default config file: class DefaultWebXmlConfig
2012-02-13 13:25:50,320 [main] WARN  grails.plugin.webxml.WebxmlGrailsPlugin  - Did not find application config file: WebXmlConfig
2012-02-13 13:25:51,784 [main] INFO  org.apache.tomcat.util.net.NioSelectorPool  - Using a shared selector for servlet write/read
2012-02-13 13:25:51,793 [main] INFO  org.apache.coyote.http11.Http11NioProtocol  - Initializing Coyote HTTP/1.1 on http-8080
2012-02-13 13:25:51,793 [main] INFO  org.apache.catalina.core.StandardService  - Starting service Tomcat
2012-02-13 13:25:51,795 [main] INFO  org.apache.catalina.core.StandardEngine  - Starting Servlet Engine: Apache Tomcat/6.0-snapshot
2012-02-13 13:25:51,908 [main] INFO  org.apache.catalina.startup.ContextConfig  - No default web.xml
2012-02-13 13:25:52,089 [main] INFO  org.apache.commons.digester.Digester  - TLD skipped. URI: http://www.springframework.org/tags is already defined
2012-02-13 13:25:52,127 [main] INFO  org.apache.commons.digester.Digester  - TLD skipped. URI: http://java.sun.com/jsp/jstl/core is already defined
2012-02-13 13:25:52,144 [main] INFO  org.apache.commons.digester.Digester  - TLD skipped. URI: http://java.sun.com/jsp/jstl/fmt is already defined
2012-02-13 13:25:52,199 [main] INFO  org.apache.catalina.core.ContainerBase.[Tomcat].[localhost].[/icescrum]  - Initializing Spring root WebApplicationContext
2012-02-13 13:25:55,418 [main] INFO  grails.spring.BeanBuilder  - [RuntimeConfiguration] Configuring data source for environment: DEVELOPMENT
2012-02-13 13:25:58,730 [main] WARN  grails.util.GrailsUtil  - [WARNING] Property [data] of domain class pl.burningice.plugins.image.ast.Image has type [[B] and doesn't support constraint [blank]. This constraint will not be checked during validation.
2012-02-13 13:25:59,034 [main] WARN  net.sf.ehcache.config.ConfigurationFactory  - No configuration found. Configuring ehcache from ehcache-failsafe.xml  found in the classpath: jar:file:/Users/cheimke/.ivy2/cache/net.sf.ehcache/ehcache-core/jars/ehcache-core-1.7.1.jar!/ehcache-failsafe.xml
2012-02-13 13:26:00,137 [main] ERROR org.hibernate.tool.hbm2ddl.SchemaUpdate  - Unsuccessful: create table time_tracker (id bigint generated by default as identity (start with 1), version bigint not null, end timestamp not null, last_update timestamp not null, start timestamp not null, story_id bigint not null, user_id bigint not null, primary key (id))
2012-02-13 13:26:00,137 [main] ERROR org.hibernate.tool.hbm2ddl.SchemaUpdate  - Unexpected token: END in statement [create table time_tracker (id bigint generated by default as identity (start with 1), version bigint not null, end]
2012-02-13 13:26:00,137 [main] ERROR org.hibernate.tool.hbm2ddl.SchemaUpdate  - Unsuccessful: alter table time_tracker add constraint FK5D81B3C6B2C6096A foreign key (story_id) references icescrum2_story
2012-02-13 13:26:00,137 [main] ERROR org.hibernate.tool.hbm2ddl.SchemaUpdate  - Table not found: TIME_TRACKER in statement [alter table time_tracker]
2012-02-13 13:26:00,138 [main] ERROR org.hibernate.tool.hbm2ddl.SchemaUpdate  - Unsuccessful: alter table time_tracker add constraint FK5D81B3C65CCB680A foreign key (user_id) references icescrum2_user
2012-02-13 13:26:00,138 [main] ERROR org.hibernate.tool.hbm2ddl.SchemaUpdate  - Table not found: TIME_TRACKER in statement [alter table time_tracker]
2012-02-13 13:26:01,416 [main] WARN  net.sf.ehcache.config.ConfigurationFactory  - No configuration found. Configuring ehcache from ehcache-failsafe.xml  found in the classpath: jar:file:/Users/cheimke/.ivy2/cache/net.sf.ehcache/ehcache-core/jars/ehcache-core-1.7.1.jar!/ehcache-failsafe.xml
2012-02-13 13:26:01,420 [main] WARN  net.sf.ehcache.CacheManager  - Creating a new instance of CacheManager using the diskStorePath "/var/folders/jc/zgm2gk2d3n19rb_bmhh3nbn80000gn/T/" which is already used by an existing CacheManager.
The source of the configuration was classpath.
The diskStore path for this CacheManager will be set to /var/folders/jc/zgm2gk2d3n19rb_bmhh3nbn80000gn/T//ehcache_auto_created_1329135961420.
To avoid this warning consider using the CacheManager factory methods to create a singleton CacheManager or specifying a separate ehcache configuration (ehcache.xml) for each CacheManager instance.
2012-02-13 13:26:02,165 [main] WARN  net.sf.ehcache.config.ConfigurationFactory  - No configuration found. Configuring ehcache from ehcache-failsafe.xml  found in the classpath: jar:file:/Users/cheimke/.ivy2/cache/net.sf.ehcache/ehcache-core/jars/ehcache-core-1.7.1.jar!/ehcache-failsafe.xml
2012-02-13 13:26:02,168 [main] WARN  net.sf.ehcache.CacheManager  - Creating a new instance of CacheManager using the diskStorePath "/var/folders/jc/zgm2gk2d3n19rb_bmhh3nbn80000gn/T/" which is already used by an existing CacheManager.
The source of the configuration was classpath.
The diskStore path for this CacheManager will be set to /var/folders/jc/zgm2gk2d3n19rb_bmhh3nbn80000gn/T//ehcache_auto_created_1329135962168.
To avoid this warning consider using the CacheManager factory methods to create a singleton CacheManager or specifying a separate ehcache configuration (ehcache.xml) for each CacheManager instance.
2012-02-13 13:26:05,389 [main] INFO  org.codehaus.groovy.grails.scaffolding.DefaultGrailsTemplateGenerator  - Scaffolding template generator set to use resource loader org.codehaus.groovy.grails.commons.spring.GrailsWebApplicationContext@5ad4fbfd: startup date [Mon Feb 13 13:25:56 CET 2012]; parent: Root WebApplicationContext
2012-02-13 13:26:14,511 [main] INFO  AutobaseGrailsPlugin  - ---- Starting Autobase migrations  ----
2012-02-13 13:26:14,920 [main] INFO  liquibase.ext.logging.LiquibaseSlf4jLogger  - Successfully acquired change log lock
2012-02-13 13:26:15,741 [main] INFO  liquibase.ext.logging.LiquibaseSlf4jLogger  - Reading from DATABASECHANGELOG
2012-02-13 13:26:15,932 [main] INFO  liquibase.ext.logging.LiquibaseSlf4jLogger  - Successfully released change log lock
2012-02-13 13:26:15,936 [main] INFO  AutobaseGrailsPlugin  - ---- Autobase migrations completed ----
2012-02-13 13:26:16,317 [main] INFO  grails.app.service.org.icescrum.plugins.entryPoints.services.EntryPointsService  - Reloading entries points
2012-02-13 13:26:16,318 [main] INFO  grails.app.service.org.icescrum.plugins.entryPoints.services.EntryPointsService  - Loading entries declarations...
2012-02-13 13:26:20,037 [main] DEBUG org.icescrum.core.support.ApplicationSupport  - retrieve appID 6de50c7d-068d-4fb5-af50-9904347a8bb8
2012-02-13 13:26:23,715 [main] WARN  grails.util.GrailsUtil  - [WARNING] Property [data] of domain class pl.burningice.plugins.image.ast.Image has type [[B] and doesn't support constraint [blank]. This constraint will not be checked during validation.
2012-02-13 13:26:23,726 [main] INFO  org.codehaus.groovy.grails.web.context.GrailsConfigUtils  - [GrailsContextLoader] Grails application loaded.
2012-02-13 13:26:24,337 [main] INFO  org.atmosphere.cpr.AtmosphereServlet  - Using BroadcasterFactory class: org.atmosphere.cpr.DefaultBroadcasterFactory
2012-02-13 13:26:24,354 [main] INFO  org.atmosphere.cpr.AtmosphereServlet  - Installed AtmosphereHandler org.icescrum.atmosphere.IceScrumAtmosphereHandler@d032809 mapped to context-path: /stream/app/*
2012-02-13 13:26:24,380 [main] INFO  org.atmosphere.cpr.AtmosphereServlet  - Atmosphere is using async support: org.atmosphere.container.TomcatCometSupport running under container: Apache Tomcat/6.0-snapshot
2012-02-13 13:26:24,380 [main] INFO  org.atmosphere.cpr.AtmosphereServlet  - Using broadcaster class: org.atmosphere.util.ExcludeSessionBroadcaster
2012-02-13 13:26:24,381 [main] INFO  org.atmosphere.cpr.AtmosphereServlet  - Atmosphere Framework 0.8.1 started.
2012-02-13 13:26:24,383 [main] INFO  org.apache.catalina.core.ContainerBase.[Tomcat].[localhost].[/icescrum]  - Initializing Spring FrameworkServlet 'grails'
2012-02-13 13:26:24,508 [main] INFO  org.apache.coyote.http11.Http11NioProtocol  - Starting Coyote HTTP/1.1 on http-8080
2012-02-13 13:26:24,882 [http-8080-exec-1] DEBUG grails.plugin.springcache.web.GrailsFragmentCachingFilter  - No cacheable annotation found for GET:/icescrum/grails/scrumOS/index.dispatch grails.plugin.springcache.web.FilterContext@53161fb7
2012-02-13 13:26:25,456 [http-8080-exec-1] DEBUG org.icescrum.core.security.MethodScrumExpressionHandler  - Filtering with expression: (stakeHolder(filterObject,true) or inProduct(filterObject) or owner(filterObject)) and !hasRole('ROLE_ADMIN')
2012-02-13 13:26:25,456 [http-8080-exec-1] DEBUG org.icescrum.core.security.MethodScrumExpressionHandler  - Filtering collection with 1 elements
2012-02-13 13:26:25,487 [http-8080-exec-1] DEBUG org.icescrum.core.security.MethodScrumExpressionHandler  - Retaining elements: []
2012-02-13 13:26:25,746 [http-8080-exec-1] INFO  org.apache.catalina.core.ContainerBase.[Tomcat].[localhost].[/icescrum]  - Initializing Spring FrameworkServlet 'gsp'
2012-02-13 13:26:25,747 [http-8080-exec-1] INFO  org.apache.catalina.core.ContainerBase.[Tomcat].[localhost].[/icescrum]  - GSP servlet initialized
2012-02-13 13:26:27,891 [http-8080-exec-1] DEBUG grails.plugin.springcache.web.GrailsFragmentCachingFilter  - Caching enabled for request...
2012-02-13 13:26:27,894 [http-8080-exec-1] DEBUG grails.plugin.springcache.web.GrailsFragmentCachingFilter  -     method = GET
2012-02-13 13:26:27,894 [http-8080-exec-1] DEBUG grails.plugin.springcache.web.GrailsFragmentCachingFilter  -     requestURI = /icescrum/
2012-02-13 13:26:27,894 [http-8080-exec-1] DEBUG grails.plugin.springcache.web.GrailsFragmentCachingFilter  -     forwardURI = /icescrum/
2012-02-13 13:26:27,895 [http-8080-exec-1] DEBUG grails.plugin.springcache.web.GrailsFragmentCachingFilter  -     includeURI = /icescrum/grails/scrumOS/templates.dispatch
2012-02-13 13:26:27,895 [http-8080-exec-1] DEBUG grails.plugin.springcache.web.GrailsFragmentCachingFilter  -     controller = scrumOS
2012-02-13 13:26:27,895 [http-8080-exec-1] DEBUG grails.plugin.springcache.web.GrailsFragmentCachingFilter  -     action = templates
2012-02-13 13:26:27,907 [http-8080-exec-1] DEBUG grails.plugin.springcache.web.GrailsFragmentCachingFilter  -     format = html
2012-02-13 13:26:27,908 [http-8080-exec-1] DEBUG grails.plugin.springcache.web.GrailsFragmentCachingFilter  -     params = [product:null]
2012-02-13 13:26:27,928 [http-8080-exec-1] WARN  grails.plugin.springcache.SpringcacheService  - Cache 'projectCache' does not exist. Creating it now...
2012-02-13 13:26:27,942 [http-8080-exec-1] WARN  grails.plugin.springcache.SpringcacheService  - Cache 'projectCache' is non-blocking. Decorating it now...
2012-02-13 13:26:36,860 [http-8080-exec-1] DEBUG grails.plugin.springcache.web.GrailsFragmentCachingFilter  - Response ok. Adding to cache projectCache with key CacheKey[-1951910589|-1245902041] and ttl 432000
2012-02-13 13:26:36,864 [http-8080-exec-1] INFO  grails.plugin.springcache.web.Timer  - Uncached request for /icescrum/grails/scrumOS/templates.dispatch took 0:00:08.945
2012-02-13 13:26:37,870 [http-8080-exec-4] DEBUG org.icescrum.atmosphere.IceScrumAtmosphereHandler  - new broadcaster for user
2012-02-13 13:27:20,893 [Timer-0] WARN  groovyx.net.http.ParserRegistry  - Could not find charset in response
2012-02-13 13:27:20,897 [Timer-0] DEBUG org.icescrum.core.support.CheckerTimerTask  - Automatic check update - iceScrum is up to date
2012-02-13 13:28:19,828 [http-8080-exec-3] DEBUG grails.plugin.springcache.web.GrailsFragmentCachingFilter  - Caching enabled for request...
2012-02-13 13:28:19,829 [http-8080-exec-3] DEBUG grails.plugin.springcache.web.GrailsFragmentCachingFilter  -     method = POST
2012-02-13 13:28:19,829 [http-8080-exec-3] DEBUG grails.plugin.springcache.web.GrailsFragmentCachingFilter  -     requestURI = /icescrum/grails/project/browse.dispatch
2012-02-13 13:28:19,829 [http-8080-exec-3] DEBUG grails.plugin.springcache.web.GrailsFragmentCachingFilter  -     forwardURI = /icescrum/project/browse
2012-02-13 13:28:19,829 [http-8080-exec-3] DEBUG grails.plugin.springcache.web.GrailsFragmentCachingFilter  -     controller = project
2012-02-13 13:28:19,829 [http-8080-exec-3] DEBUG grails.plugin.springcache.web.GrailsFragmentCachingFilter  -     action = browse
2012-02-13 13:28:19,830 [http-8080-exec-3] DEBUG grails.plugin.springcache.web.GrailsFragmentCachingFilter  -     format = html
2012-02-13 13:28:19,830 [http-8080-exec-3] DEBUG grails.plugin.springcache.web.GrailsFragmentCachingFilter  -     params = [action:browse, controller:project]
2012-02-13 13:28:19,833 [http-8080-exec-3] WARN  grails.plugin.springcache.SpringcacheService  - Cache 'applicationCache' is non-blocking. Decorating it now...
2012-02-13 13:28:20,413 [http-8080-exec-3] DEBUG grails.plugin.springcache.web.GrailsFragmentCachingFilter  - Response ok. Adding to cache applicationCache with key CacheKey[-1008418127|2659552629] and ttl 432000
2012-02-13 13:28:20,414 [http-8080-exec-3] INFO  grails.plugin.springcache.web.Timer  - Uncached request for /icescrum/grails/project/browse.dispatch took 0:00:00.584
2012-02-13 13:28:20,449 [http-8080-exec-5] DEBUG grails.plugin.springcache.web.GrailsFragmentCachingFilter  - No cacheable annotation found for GET:/icescrum/grails/project/browseList.dispatch grails.plugin.springcache.web.FilterContext@4b822430
2012-02-13 13:28:20,467 [http-8080-exec-5] DEBUG org.icescrum.core.security.MethodScrumExpressionHandler  - Filtering with expression: stakeHolder(filterObject) or inProduct(filterObject)
2012-02-13 13:28:20,467 [http-8080-exec-5] DEBUG org.icescrum.core.security.MethodScrumExpressionHandler  - Filtering collection with 1 elements
2012-02-13 13:28:20,469 [http-8080-exec-5] DEBUG org.icescrum.core.security.MethodScrumExpressionHandler  - Retaining elements: [org.icescrum.core.domain.Product : 1]
2012-02-13 13:28:20,471 [http-8080-exec-5] DEBUG org.icescrum.core.security.MethodScrumExpressionHandler  - Filtering with expression: stakeHolder(filterObject) or inProduct(filterObject)
2012-02-13 13:28:20,472 [http-8080-exec-5] DEBUG org.icescrum.core.security.MethodScrumExpressionHandler  - Filtering collection with 1 elements
2012-02-13 13:28:20,473 [http-8080-exec-5] DEBUG org.icescrum.core.security.MethodScrumExpressionHandler  - Retaining elements: [org.icescrum.core.domain.Product : 1]
2012-02-13 13:28:21,421 [http-8080-exec-2] DEBUG grails.plugin.springcache.web.GrailsFragmentCachingFilter  - Caching enabled for request...
2012-02-13 13:28:21,422 [http-8080-exec-2] DEBUG grails.plugin.springcache.web.GrailsFragmentCachingFilter  -     method = POST
2012-02-13 13:28:21,422 [http-8080-exec-2] DEBUG grails.plugin.springcache.web.GrailsFragmentCachingFilter  -     requestURI = /icescrum/grails/project/browseDetails.dispatch
2012-02-13 13:28:21,422 [http-8080-exec-2] DEBUG grails.plugin.springcache.web.GrailsFragmentCachingFilter  -     forwardURI = /icescrum/project/browseDetails
2012-02-13 13:28:21,422 [http-8080-exec-2] DEBUG grails.plugin.springcache.web.GrailsFragmentCachingFilter  -     controller = project
2012-02-13 13:28:21,422 [http-8080-exec-2] DEBUG grails.plugin.springcache.web.GrailsFragmentCachingFilter  -     action = browseDetails
2012-02-13 13:28:21,438 [http-8080-exec-2] DEBUG grails.plugin.springcache.web.GrailsFragmentCachingFilter  -     format = html
2012-02-13 13:28:21,438 [http-8080-exec-2] DEBUG grails.plugin.springcache.web.GrailsFragmentCachingFilter  -     params = [id:1, action:browseDetails, controller:project]
2012-02-13 13:28:21,781 [http-8080-exec-2] DEBUG grails.plugin.springcache.web.GrailsFragmentCachingFilter  - Response ok. Adding to cache projectCache with key CacheKey[-618788155|-110560056] and ttl 432000
2012-02-13 13:28:21,795 [http-8080-exec-2] INFO  grails.plugin.springcache.web.Timer  - Uncached request for /icescrum/grails/project/browseDetails.dispatch took 0:00:00.357
2012-02-13 13:28:22,379 [http-8080-exec-4] DEBUG org.icescrum.atmosphere.IceScrumAtmosphereHandler  - user admin disconnected
2012-02-13 13:28:22,383 [http-8080-exec-3] DEBUG grails.plugin.springcache.web.GrailsFragmentCachingFilter  - No cacheable annotation found for GET:/icescrum/grails/scrumOS/index.dispatch grails.plugin.springcache.web.FilterContext@5dda0143
2012-02-13 13:28:22,423 [http-8080-exec-3] DEBUG org.icescrum.core.security.MethodScrumExpressionHandler  - Filtering with expression: (stakeHolder(filterObject,true) or inProduct(filterObject) or owner(filterObject)) and !hasRole('ROLE_ADMIN')
2012-02-13 13:28:22,423 [http-8080-exec-3] DEBUG org.icescrum.core.security.MethodScrumExpressionHandler  - Filtering collection with 1 elements
2012-02-13 13:28:22,426 [http-8080-exec-3] DEBUG org.icescrum.core.security.MethodScrumExpressionHandler  - Retaining elements: []
2012-02-13 13:28:22,670 [http-8080-exec-3] WARN  grails.plugin.springcache.SpringcacheService  - Cache 'userCache' does not exist. Creating it now...
2012-02-13 13:28:22,673 [http-8080-exec-3] DEBUG grails.plugin.springcache.SpringcacheService  - Cache 'userCache' missed with key 'CacheKey[1655131045|19798310]'
2012-02-13 13:28:22,909 [http-8080-exec-3] DEBUG grails.plugin.springcache.web.GrailsFragmentCachingFilter  - Caching enabled for request...
2012-02-13 13:28:22,909 [http-8080-exec-3] DEBUG grails.plugin.springcache.web.GrailsFragmentCachingFilter  -     method = GET
2012-02-13 13:28:22,909 [http-8080-exec-3] DEBUG grails.plugin.springcache.web.GrailsFragmentCachingFilter  -     requestURI = /icescrum/p/TESTPROJ
2012-02-13 13:28:22,909 [http-8080-exec-3] DEBUG grails.plugin.springcache.web.GrailsFragmentCachingFilter  -     forwardURI = /icescrum/p/TESTPROJ
2012-02-13 13:28:22,909 [http-8080-exec-3] DEBUG grails.plugin.springcache.web.GrailsFragmentCachingFilter  -     includeURI = /icescrum/grails/scrumOS/templates.dispatch
2012-02-13 13:28:22,909 [http-8080-exec-3] DEBUG grails.plugin.springcache.web.GrailsFragmentCachingFilter  -     controller = scrumOS
2012-02-13 13:28:22,909 [http-8080-exec-3] DEBUG grails.plugin.springcache.web.GrailsFragmentCachingFilter  -     action = templates
2012-02-13 13:28:22,909 [http-8080-exec-3] DEBUG grails.plugin.springcache.web.GrailsFragmentCachingFilter  -     format = html
2012-02-13 13:28:22,910 [http-8080-exec-3] DEBUG grails.plugin.springcache.web.GrailsFragmentCachingFilter  -     params = [product:1]
2012-02-13 13:28:23,608 [http-8080-exec-3] DEBUG grails.plugin.springcache.web.GrailsFragmentCachingFilter  - Response ok. Adding to cache projectCache with key CacheKey[-247705868|-3345591091] and ttl 432000
2012-02-13 13:28:23,608 [http-8080-exec-3] INFO  grails.plugin.springcache.web.Timer  - Uncached request for /icescrum/grails/scrumOS/templates.dispatch took 0:00:00.698
2012-02-13 13:28:24,094 [http-8080-exec-3] DEBUG grails.plugin.springcache.web.GrailsFragmentCachingFilter  - No cacheable annotation found for GET:/icescrum/grails/scrumOS/openWindow.dispatch grails.plugin.springcache.web.FilterContext@5abf3952
2012-02-13 13:28:24,124 [http-8080-exec-3] DEBUG grails.plugin.springcache.web.GrailsFragmentCachingFilter  - No cacheable annotation found for GET:/icescrum/grails/scrumOS/openWindow.dispatch grails.plugin.springcache.web.FilterContext@6bfad24e
2012-02-13 13:28:24,293 [http-8080-exec-5] DEBUG org.icescrum.atmosphere.IceScrumAtmosphereHandler  - add user admin to broadcaster: product-1
2012-02-13 13:28:24,296 [http-8080-exec-5] DEBUG org.icescrum.atmosphere.IceScrumAtmosphereHandler  - new broadcaster for user
2012-02-13 13:28:24,960 [http-8080-exec-3] DEBUG grails.plugin.springcache.SpringcacheService  - Cache 'projectCache' missed with key 'CacheKey[1751762882|1923807363]'
2012-02-13 13:28:25,222 [http-8080-exec-3] DEBUG grails.plugin.springcache.web.GrailsFragmentCachingFilter  - No cacheable annotation found for GET:/icescrum/grails/scrumOS/openWindow.dispatch grails.plugin.springcache.web.FilterContext@36571f3b
2012-02-13 13:28:25,989 [http-8080-exec-1] DEBUG grails.plugin.springcache.web.GrailsFragmentCachingFilter  - Caching enabled for request...
2012-02-13 13:28:25,989 [http-8080-exec-1] DEBUG grails.plugin.springcache.web.GrailsFragmentCachingFilter  -     method = GET
2012-02-13 13:28:25,989 [http-8080-exec-1] DEBUG grails.plugin.springcache.web.GrailsFragmentCachingFilter  -     requestURI = /icescrum/grails/project/productBurnupChart.dispatch
2012-02-13 13:28:25,989 [http-8080-exec-1] DEBUG grails.plugin.springcache.web.GrailsFragmentCachingFilter  -     forwardURI = /icescrum/p/1/project/productBurnupChart/
2012-02-13 13:28:25,989 [http-8080-exec-1] DEBUG grails.plugin.springcache.web.GrailsFragmentCachingFilter  -     controller = project
2012-02-13 13:28:25,989 [http-8080-exec-1] DEBUG grails.plugin.springcache.web.GrailsFragmentCachingFilter  -     action = productBurnupChart
2012-02-13 13:28:25,989 [http-8080-exec-1] DEBUG grails.plugin.springcache.web.GrailsFragmentCachingFilter  -     format = html
2012-02-13 13:28:25,990 [http-8080-exec-1] DEBUG grails.plugin.springcache.web.GrailsFragmentCachingFilter  -     params = [withButtonBar:false, product:1, action:productBurnupChart, controller:project]
2012-02-13 13:28:26,267 [http-8080-exec-1] DEBUG grails.plugin.springcache.web.GrailsFragmentCachingFilter  - Response ok. Adding to cache projectCache with key CacheKey[-1591395776|-2225067471] and ttl 432000
2012-02-13 13:28:26,267 [http-8080-exec-1] INFO  grails.plugin.springcache.web.Timer  - Uncached request for /icescrum/grails/project/productBurnupChart.dispatch took 0:00:00.277
2012-02-13 13:28:28,234 [http-8080-exec-2] DEBUG grails.plugin.springcache.web.GrailsFragmentCachingFilter  - No cacheable annotation found for GET:/icescrum/grails/scrumOS/openWindow.dispatch grails.plugin.springcache.web.FilterContext@2060e2c8
2012-02-13 13:28:28,251 [http-8080-exec-2] DEBUG grails.plugin.springcache.web.GrailsFragmentCachingFilter  - No cacheable annotation found for GET:/icescrum/grails/scrumOS/openWindow.dispatch grails.plugin.springcache.web.FilterContext@2ef83b4c
2012-02-13 13:28:29,474 [http-8080-exec-2] WARN  grails.plugin.springcache.SpringcacheService  - Cache 'taskCache' does not exist. Creating it now...
2012-02-13 13:28:29,476 [http-8080-exec-2] DEBUG grails.plugin.springcache.SpringcacheService  - Cache 'taskCache' missed with key 'CacheKey[1068369491|-463493292]'
2012-02-13 13:28:29,954 [http-8080-exec-2] DEBUG grails.plugin.springcache.SpringcacheService  - Cache 'taskCache' missed with key 'CacheKey[-1308663922|1411126095]'
2012-02-13 13:28:29,990 [http-8080-exec-2] DEBUG grails.plugin.springcache.SpringcacheService  - Cache 'taskCache' missed with key 'CacheKey[106755474|1613716051]'
2012-02-13 13:28:30,023 [http-8080-exec-2] WARN  grails.plugin.springcache.SpringcacheService  - Cache 'storyCache' does not exist. Creating it now...
2012-02-13 13:28:30,025 [http-8080-exec-2] DEBUG grails.plugin.springcache.SpringcacheService  - Cache 'storyCache' missed with key 'CacheKey[-1037625178|-1265683865]'
2012-02-13 13:28:30,611 [http-8080-exec-2] DEBUG grails.plugin.springcache.SpringcacheService  - Cache 'storyCache' missed with key 'CacheKey[1125734328|1489636857]'
2012-02-13 13:28:30,782 [http-8080-exec-2] DEBUG grails.plugin.springcache.SpringcacheService  - Cache 'storyCache' missed with key 'CacheKey[164119350|-728121097]'
2012-02-13 13:28:31,285 [http-8080-exec-2] DEBUG grails.plugin.springcache.web.GrailsFragmentCachingFilter  - No cacheable annotation found for GET:/icescrum/grails/scrumOS/openWindow.dispatch grails.plugin.springcache.web.FilterContext@64241261
2012-02-13 13:28:31,692 [http-8080-exec-2] DEBUG grails.plugin.springcache.web.GrailsFragmentCachingFilter  - No cacheable annotation found for GET:/icescrum/grails/scrumOS/openWindow.dispatch grails.plugin.springcache.web.FilterContext@a8c67f1
2012-02-13 13:28:34,926 [http-8080-exec-4] DEBUG grails.plugin.springcache.web.GrailsFragmentCachingFilter  - No cacheable annotation found for GET:/icescrum/grails/scrumOS/openWindow.dispatch grails.plugin.springcache.web.FilterContext@722db661
2012-02-13 13:28:34,947 [http-8080-exec-4] DEBUG grails.plugin.springcache.web.GrailsFragmentCachingFilter  - No cacheable annotation found for GET:/icescrum/grails/scrumOS/openWindow.dispatch grails.plugin.springcache.web.FilterContext@71f06fd6
2012-02-13 13:28:35,440 [http-8080-exec-4] DEBUG grails.plugin.springcache.SpringcacheService  - Cache 'storyCache' missed with key 'CacheKey[-1996953060|628287837]'
2012-02-13 13:28:35,495 [http-8080-exec-4] DEBUG grails.plugin.springcache.SpringcacheService  - Cache 'storyCache' missed with key 'CacheKey[1635903576|-883013991]'
2012-02-13 13:28:35,551 [http-8080-exec-4] DEBUG grails.plugin.springcache.SpringcacheService  - Cache 'storyCache' missed with key 'CacheKey[-1134100088|-300422199]'
2012-02-13 13:28:35,575 [http-8080-exec-4] DEBUG grails.plugin.springcache.SpringcacheService  - Cache 'storyCache' missed with key 'CacheKey[-924600119|1898676042]'
2012-02-13 13:28:35,614 [http-8080-exec-4] DEBUG grails.plugin.springcache.SpringcacheService  - Cache 'storyCache' missed with key 'CacheKey[2120611517|-364074434]'
2012-02-13 13:28:35,639 [http-8080-exec-4] DEBUG grails.plugin.springcache.SpringcacheService  - Cache 'storyCache' missed with key 'CacheKey[-264810212|1193218141]'
2012-02-13 13:28:35,672 [http-8080-exec-4] DEBUG grails.plugin.springcache.SpringcacheService  - Cache 'storyCache' missed with key 'CacheKey[423321799|715722440]'
2012-02-13 13:28:35,696 [http-8080-exec-4] DEBUG grails.plugin.springcache.SpringcacheService  - Cache 'storyCache' missed with key 'CacheKey[1103170208|202463969]'
2012-02-13 13:28:35,723 [http-8080-exec-4] DEBUG grails.plugin.springcache.SpringcacheService  - Cache 'storyCache' missed with key 'CacheKey[-1220967231|-269227710]'
2012-02-13 13:28:35,746 [http-8080-exec-4] DEBUG grails.plugin.springcache.SpringcacheService  - Cache 'storyCache' missed with key 'CacheKey[-593571744|455446689]'
2012-02-13 13:28:35,770 [http-8080-exec-4] DEBUG grails.plugin.springcache.SpringcacheService  - Cache 'storyCache' missed with key 'CacheKey[-679834643|-1998271634]'
2012-02-13 13:28:35,792 [http-8080-exec-4] DEBUG grails.plugin.springcache.SpringcacheService  - Cache 'storyCache' missed with key 'CacheKey[-883795831|1782517514]'
2012-02-13 13:28:36,228 [http-8080-exec-4] DEBUG grails.plugin.springcache.web.GrailsFragmentCachingFilter  - No cacheable annotation found for GET:/icescrum/grails/scrumOS/openWindow.dispatch grails.plugin.springcache.web.FilterContext@3b8b7e02
